2025/03/23 19:55:26->{"id":6212,"uuid":"e4c6a54a-be51-4cdd-88ab-3df273dbaa87","hitokoto":"在不同的遭遇里我发现你的瞬间，有种不可言说的温柔直觉。","type":"j","from":"保留","from_who":"郭顶","creator":"陨星、若芜芫","creator_uid":6317,"reviewer":1044,"commit_from":"web","created_at":"1590718236","length":27}
2025/03/23 19:57:09->{"id":7279,"uuid":"e689f682-5334-474b-8be6-8911407a6bf9","hitokoto":"装作拥有某样品质，实际上就等于承认了自己并没有这样品质。","type":"k","from":"人生的智慧","from_who":"叔本华","creator":"折影轻梦","creator_uid":9975,"reviewer":9975,"commit_from":"web","created_at":"1628306360","length":28}
2025/03/23 20:05:28->{"id":8094,"uuid":"64eb1d98-6f68-433d-abd9-384198112ea8","hitokoto":"如果生活还没能改变，那你已经失败了。","type":"c","from":"英雄联盟","from_who":"青钢影","creator":"风尘散人","creator_uid":12772,"reviewer":1,"commit_from":"web","created_at":"1659613095","length":18}
2025/03/23 20:15:30->{"id":8777,"uuid":"d135594b-f537-4684-ab64-048b4b710cdc","hitokoto":"我最怀念的是大家起哄我们两个的时候","type":"f","from":"互联网","from_who":"佚名","creator":"•᷄ࡇ•᷅","creator_uid":11568,"reviewer":1,"commit_from":"app","created_at":"1650111593","length":17}
2025/03/23 20:25:32->{"id":7512,"uuid":"40797401-d20f-4160-b61d-758e833db0d5","hitokoto":"停下脚步才注意到 世界被染得雪白。","type":"j","from":"雪降り、メリクリ","from_who":"A39＆沙包P＆初音ミク","creator":"hbyang233","creator_uid":10440,"reviewer":4756,"commit_from":"web","created_at":"1632098732","length":17}
2025/03/23 20:35:34->{"id":7362,"uuid":"54f7cf49-b228-428c-8ef9-f12e0e2eb2df","hitokoto":"人间忽晚，山河已秋。","type":"j","from":"人间忽晚","from_who":"亦沫不吃鱼","creator":"GL","creator_uid":9589,"reviewer":4756,"commit_from":"web","created_at":"1624861348","length":10}
2025/03/23 20:55:36->{"id":9262,"uuid":"c85b9618-c969-4f66-bda4-3cb22330a9f8","hitokoto":"我会和命运战斗，并且战胜给你看！","type":"h","from":"假面骑士·剑","from_who":"剑崎一真","creator":"banzong","creator_uid":14680,"reviewer":4756,"commit_from":"web","created_at":"1682088739","length":16}
2025/03/23 21:05:38->{"id":6546,"uuid":"88d8830c-c674-4575-8071-fb27c8d8348f","hitokoto":"诸行无常、诸法无我、涅槃喧嚣。","type":"c","from":"«老和尚的寓言»，TNO启示录事件","from_who":"The New Order:Last Days of Europe","creator":"Forevercontinent","creator_uid":7134,"reviewer":6844,"commit_from":"web","created_at":"1599389218","length":15}
2025/03/23 21:15:39->{"id":9116,"uuid":"3a1e5d51-c1e3-4c18-ada5-bd8d0acca8b8","hitokoto":"懵懂少年，不知天涯多远。","type":"f","from":"佚","from_who":"无","creator":"os7blue","creator_uid":1209,"reviewer":1044,"commit_from":"web","created_at":"1670316508","length":12}
2025/03/23 21:25:39->{"id":8678,"uuid":"da528252-c030-4ce9-bab5-9863b14d0425","hitokoto":"幸福破灭之时，总是伴随着血腥味。","type":"b","from":"鬼灭之刃","from_who":"吾峠呼世晴","creator":"Tanjiro","creator_uid":11048,"reviewer":1,"commit_from":"web","created_at":"1639797685","length":16}
2025/03/23 21:35:39->{"id":1072,"uuid":"1a11b7b0-5dc6-4c69-b7f2-3fab4622b477","hitokoto":"大丈夫立世无所畏惧。","type":"g","from":"仙剑奇侠传四","from_who":"云天青","creator":"863885806","creator_uid":0,"reviewer":0,"commit_from":"web","created_at":"1481086547","length":10}
2025/03/23 21:55:43->{"id":5478,"uuid":"91b58cea-2c30-4ab3-8842-bcb9650f5871","hitokoto":"此情可待成追忆，只是当时已惘然。","type":"i","from":"锦瑟","from_who":"李商隐","creator":"a632079","creator_uid":1044,"reviewer":1044,"commit_from":"api","created_at":"1586198959","length":16}
2025/03/23 22:15:44->{"id":8659,"uuid":"9bd88e2e-ce1d-48eb-908c-b5f190e12b2d","hitokoto":"当遇到你时，大脑连上CSGO都会掉帧。","type":"l","from":"Florence","from_who":"Florence","creator":"xy0313","creator_uid":10788,"reviewer":1,"commit_from":"web","created_at":"1636727563","length":19}
2025/03/23 22:35:47->{"id":7221,"uuid":"7faf1a36-44eb-423c-93a4-c848262f2e75","hitokoto":"心里全是苦的人，只需要一点点的甜就能填满。","type":"d","from":"起点-末日圆环","from_who":"夜影恋姬","creator":"IAbu","creator_uid":5895,"reviewer":1,"commit_from":"web","created_at":"1617017198","length":21}
2025/03/23 22:55:49->{"id":6403,"uuid":"8b009bba-40a2-4603-acbf-f6ac283f6524","hitokoto":"You complete me !","type":"h","from":"黑暗骑士","from_who":"joker","creator":"wick","creator_uid":6853,"reviewer":1,"commit_from":"web","created_at":"1596239713","length":17}
2025/03/23 23:05:50->{"id":8239,"uuid":"b61c8177-327f-4e7d-b5ad-4cea6ae946d7","hitokoto":"有情人终成眷属，没钱人亲眼目睹。","type":"l","from":"互联网","from_who":"快手评论","creator":"•᷄ࡇ•᷅","creator_uid":11568,"reviewer":1,"commit_from":"app","created_at":"1650442453","length":16}
2025/03/23 23:15:52->{"id":8561,"uuid":"f24be392-f21b-4ed7-90a9-af7e800f55b2","hitokoto":"这个世界的麻烦就是傻瓜非常自信 ，而智者总是充满疑虑。","type":"g","from":"罗素","from_who":"罗素","creator":"Clouder","creator_uid":10584,"reviewer":1,"commit_from":"web","created_at":"1634137535","length":27}
2025/03/24 10:43:55->{"id":5838,"uuid":"d0394f62-1f35-453f-b47c-4a5d8b77a717","hitokoto":"少无适俗韵，性本爱丘山。","type":"i","from":"归园田居·其一","from_who":"陶渊明","creator":"a632079","creator_uid":1044,"reviewer":1044,"commit_from":"api","created_at":"1586395385","length":12}
2025/03/24 11:03:56->{"id":7934,"uuid":"eb208de6-4c58-451a-a049-57ddb60b120b","hitokoto":"纵然变化，依然故我。","type":"k","from":"墓志铭","from_who":"雅各布·伯努利","creator":"dongzheren","creator_uid":12578,"reviewer":1,"commit_from":"web","created_at":"1657449297","length":10}
2025/03/24 11:13:58->{"id":8676,"uuid":"293e30b8-13df-480e-b40b-3eba96eeafb0","hitokoto":"落峰长日坠，起笔叠嶂升。","type":"c","from":"明日方舟","from_who":"夕","creator":"xystarworld","creator_uid":10921,"reviewer":1,"commit_from":"web","created_at":"1638100362","length":12}
2025/03/24 11:23:59->{"id":6541,"uuid":"d34c263d-d37f-4753-92bf-047e718f75d5","hitokoto":"没错，都被我，你们的希姆莱爷爷偷走啦！","type":"c","from":"«宝库»，TNO启示录事件","from_who":"The New Order:Last Days of Europe","creator":"Forevercontinent","creator_uid":7134,"reviewer":6844,"commit_from":"web","created_at":"1599388694","length":19}
2025/03/24 11:34:14->{"id":7225,"uuid":"746ba691-5103-4b13-88e6-b11ffc215fe6","hitokoto":"人类最大的敌人是傲慢，其次是无知。","type":"e","from":"亚亚努阿","from_who":"亚亚努阿","creator":"亚亚努阿","creator_uid":8848,"reviewer":1,"commit_from":"web","created_at":"1617029737","length":17}
2025/03/24 11:44:15->{"id":7909,"uuid":"fc58a33e-3923-4869-aca6-a93843847563","hitokoto":"若是你所期望的，那定会得到强烈的回应。","type":"j","from":"M八七","from_who":"米津玄师","creator":"罗飞","creator_uid":12636,"reviewer":1,"commit_from":"web","created_at":"1658001207","length":19}
2025/03/24 12:14:19->{"id":7311,"uuid":"9a17c193-9922-4bce-baea-d4c27caf17cc","hitokoto":"有些人光是遇到就已经赚到了。","type":"j","from":"网易云","from_who":"赵紫骅","creator":"James","creator_uid":9109,"reviewer":9975,"commit_from":"web","created_at":"1619272123","length":14}
2025/03/24 12:54:23->{"id":8454,"uuid":"25c065f0-8c91-4648-9fb3-114fa2602fa2","hitokoto":"所谓觉悟，乃是在漆黑的荒原中，开辟出一条属于自己的星光大道！","type":"b","from":"意大利黑手党第二任教父","from_who":"乔鲁诺 · 乔巴拿","creator":"犊一无二","creator_uid":12086,"reviewer":1,"commit_from":"web","created_at":"1650292762","length":30}
2025/03/24 13:14:25->{"id":6576,"uuid":"41abb8d8-ae81-4b9c-b8e0-86ed869bef3d","hitokoto":"物质之外亦有精神的世界。","type":"c","from":"«红王公的故事»，TNO启示录事件","from_who":"The New Order:Last Days of Europe","creator":"Forevercontinent","creator_uid":7134,"reviewer":6844,"commit_from":"web","created_at":"1599387309","length":12}
2025/03/24 13:34:28->{"id":5457,"uuid":"1df218b3-1d4b-4eb7-a336-b79aa335ea25","hitokoto":"春风得意马蹄疾，一日看尽长安花。","type":"i","from":"登科后","from_who":"孟郊","creator":"a632079","creator_uid":1044,"reviewer":4756,"commit_from":"web","created_at":"1586198955","length":16}
2025/03/24 14:04:29->{"id":7522,"uuid":"29f2e41e-e2e7-476a-b88f-563d39e6438e","hitokoto":"长大后就忘了吗？曾经拥有的梦想。","type":"a","from":"哆啦A梦","from_who":"藤子不二雄","creator":"孙悟元","creator_uid":10561,"reviewer":4756,"commit_from":"web","created_at":"1633782916","length":16}
2025/03/24 14:24:32->{"id":4911,"uuid":"55f4a3ef-3051-46f8-8c12-bf8e0c363632","hitokoto":"燕雀安知鸿鹄之志哉？","type":"d","from":"史记·陈涉世家","from_who":"陈涉","creator":"夕之树","creator_uid":4248,"reviewer":1,"commit_from":"web","created_at":"1573334054","length":10}
2025/03/24 14:54:35->{"id":7898,"uuid":"01621c30-bebd-4399-81ce-eb49adf1a9e3","hitokoto":"年年今日，灯明如昼。原火不灭，愿人依旧。","type":"c","from":"原神","from_who":"米哈游","creator":"神在白天做梦","creator_uid":12651,"reviewer":1,"commit_from":"web","created_at":"1658135811","length":20}
2025/03/24 15:14:38->{"id":7892,"uuid":"e4fc51e2-c23e-4f0f-b266-be821f8f3932","hitokoto":"天高散孤云，落日澄空故乡影，飘摇游子心。","type":"c","from":"原神","from_who":"万叶","creator":"神在白天做梦","creator_uid":12651,"reviewer":1,"commit_from":"web","created_at":"1658135979","length":20}
2025/03/24 15:44:38->{"id":8713,"uuid":"b7adc2e1-72d5-41fe-9c35-06417073f8de","hitokoto":"前世若不相欠，今生怎会相见。","type":"f","from":"互联网","from_who":"佚名","creator":"•᷄ࡇ•᷅","creator_uid":11568,"reviewer":1,"commit_from":"app","created_at":"1646358716","length":14}
2025/03/24 15:54:38->{"id":4996,"uuid":"2900f38e-cad5-4445-8299-d057d3cb6925","hitokoto":"锁链可以锁住门窗，锁住手脚，但人心是锁不住的！","type":"d","from":"平凡的世界","from_who":"路遥","creator":"辣椒の酱","creator_uid":4270,"reviewer":1044,"commit_from":"web","created_at":"1581472944","length":23}
2025/03/24 16:14:41->{"id":7310,"uuid":"e0bbfce5-f0b7-4cfe-8475-e2978141093b","hitokoto":"如果你执意追逐我的幻影，迟早会被真正的我打败。","type":"h","from":"棋魂","from_who":"时光","creator":"方栩栩","creator_uid":7486,"reviewer":9975,"commit_from":"web","created_at":"1619248191","length":23}
2025/03/24 16:54:44->{"id":5354,"uuid":"9b55d093-7249-4250-8bda-be149f43f4b7","hitokoto":"如果你有梦想，就要守护它。","type":"h","from":"当幸福来敲门","from_who":"克里斯·加德纳","creator":"橘子_ORANGE","creator_uid":5229,"reviewer":4756,"commit_from":"web","created_at":"1585296385","length":13}
2025/03/24 17:04:45->{"id":5962,"uuid":"de606f8f-2d26-4d94-b4b6-efc8262b3f0a","hitokoto":"以有涯随无涯，殆已！已而为知者，殆而已矣！","type":"k","from":"庄子","from_who":"庄周","creator":"CloverGit","creator_uid":5915,"reviewer":4756,"commit_from":"web","created_at":"1586998830","length":21}
2025/03/24 17:14:45->{"id":8287,"uuid":"a7f2aab8-92c1-4866-a1e0-c161a56baf7e","hitokoto":"你，对，你，就是你，你是你。","type":"l","from":"什","from_who":"不到啊","creator":"老z","creator_uid":12291,"reviewer":1,"commit_from":"web","created_at":"1652018955","length":14}
2025/03/24 17:24:45->{"id":9016,"uuid":"b50ae69e-d2e3-4cd5-9298-65985e03ce09","hitokoto":"最短的捷径就是绕远路。","type":"b","from":"STEEL BALL RUN","from_who":"杰洛·齐贝林","creator":"柳宇","creator_uid":13682,"reviewer":4756,"commit_from":"web","created_at":"1670306333","length":11}
2025/03/24 17:34:45->{"id":6527,"uuid":"fddf5bb3-f3ec-499b-b637-0ea093250c76","hitokoto":"哪有顷刻之间的心灰意冷，有的，只是日积月累的看透罢了。","type":"j","from":"觅楽-语录","from_who":"觅楽","creator":"悟空","creator_uid":7256,"reviewer":6844,"commit_from":"web","created_at":"1601175266","length":27}
2025/03/24 17:44:46->{"id":8839,"uuid":"8276ddf5-a0b8-48d8-9cd3-a7469d866c20","hitokoto":"智慧需要沉淀，积累才能够饱满。","type":"h","from":"铠甲勇士","from_who":"路法","creator":"幻想一笑而过","creator_uid":11760,"reviewer":1,"commit_from":"web","created_at":"1649475394","length":15}
2025/03/24 17:54:47->{"id":8128,"uuid":"33737262-9766-4f0d-8101-2cf28a2ce465","hitokoto":"尊严，只在剑锋之上；真理，只在大炮射程之内！","type":"f","from":"艾跃进教授","from_who":"艾跃进教授","creator":"西瓜暴徒","creator_uid":9337,"reviewer":1,"commit_from":"web","created_at":"1621588490","length":22}
2025/03/24 18:01:43->{"id":1027,"uuid":"455eefad-4a6e-4e97-83af-0d1b2903f6be","hitokoto":"跌跌撞撞的成长，又美又疼才是本质。","type":"b","from":"哥斯拉不说话","from_who":"夏达","creator":"1102058350","creator_uid":0,"reviewer":0,"commit_from":"web","created_at":"1481086547","length":17}
2025/03/24 18:03:49->{"id":9016,"uuid":"b50ae69e-d2e3-4cd5-9298-65985e03ce09","hitokoto":"最短的捷径就是绕远路。","type":"b","from":"STEEL BALL RUN","from_who":"杰洛·齐贝林","creator":"柳宇","creator_uid":13682,"reviewer":4756,"commit_from":"web","created_at":"1670306333","length":11}
2025/03/24 18:17:55->{"id":8065,"uuid":"c4786aa6-95b8-4631-9a10-13d170615cdf","hitokoto":"内心湛然，则无往而不乐。","type":"k","from":"人生不过如此","from_who":"梁实秋先生","creator":"=w=","creator_uid":9709,"reviewer":1,"commit_from":"web","created_at":"1626145223","length":12}
2025/03/24 18:27:56->{"id":5604,"uuid":"694cb000-8f27-4472-9ff2-a2657e037cf1","hitokoto":"江南可采莲，莲叶何田田。","type":"i","from":"江南","from_who":"佚名","creator":"a632079","creator_uid":1044,"reviewer":1044,"commit_from":"api","created_at":"1586266413","length":12}
2025/03/24 18:37:58->{"id":7226,"uuid":"64559b13-fe87-44fd-a745-d48fb6c6895a","hitokoto":"人类侥幸拥有了智慧，就应该善用它。","type":"k","from":"意林","from_who":"王小波","creator":"Damianyang","creator_uid":9192,"reviewer":4756,"commit_from":"web","created_at":"1620182739","length":17}
2025/03/24 19:01:43->{"id":7884,"uuid":"833a7838-c2d6-45a2-8d01-f7fe9824c9fe","hitokoto":"未经审视的人生是不值得过的。","type":"k","from":"苏格拉底","from_who":"苏格拉底","creator":"Kyanite","creator_uid":8042,"reviewer":1,"commit_from":"web","created_at":"1620995698","length":14}
2025/03/24 19:41:44->{"id":5387,"uuid":"f1988762-9dc2-4151-9b1c-c236d2e987ab","hitokoto":"金钱和女人，是人生犯错的根源。","type":"h","from":"贫民窟里的百万富翁","from_who":"丹尼·鮑伊","creator":"wait.","creator_uid":3905,"reviewer":1044,"commit_from":"app","created_at":"1585215070","length":15}
2025/03/24 19:51:44->{"id":9269,"uuid":"4fe95780-e679-44fc-a8a4-f963077c13c7","hitokoto":"没有相同的经历是无法相互感受的。","type":"a","from":"火影忍者","from_who":"佩恩","creator":"空吧","creator_uid":14633,"reviewer":4756,"commit_from":"web","created_at":"1681565935","length":16}
2025/03/24 20:01:44->{"id":9122,"uuid":"51d2a015-6df3-4507-8d75-a5e48863d1a5","hitokoto":"神即道，道即法，道法自然，如来。","type":"l","from":"遥远的救世主","from_who":"豆豆","creator":"erfie","creator_uid":13776,"reviewer":1044,"commit_from":"web","created_at":"1671076363","length":16}
2025/03/24 20:11:45->{"id":8950,"uuid":"2603521e-7cc4-41c2-8e1c-72439b17f0c6","hitokoto":"仅以此书纪念我的童年，那是一段小有遗憾的快乐时光。","type":"d","from":"查理九世","from_who":"雷欧幻像","creator":"明年丶明月","creator_uid":13255,"reviewer":1044,"commit_from":"web","created_at":"1666167189","length":25}
2025/03/24 20:21:45->{"id":7255,"uuid":"1201d951-0eaa-4f23-beb7-b2999e4b6557","hitokoto":"从来不会生气的人，注定终生遭受欺凌和压制，直至被摧毁和消灭。","type":"k","from":"少有人走的路：心智成熟的旅程","from_who":"M·斯科特·派克","creator":"折影轻梦","creator_uid":9975,"reviewer":9975,"commit_from":"web","created_at":"1628137612","length":30}
2025/03/24 20:31:45->{"id":6457,"uuid":"0e763da0-7eda-431f-9712-0accf900edb9","hitokoto":"我希望兜兜转转之后那个人还是你。","type":"j","from":"网易云音乐","from_who":"不要半夜躲在被子里哭了","creator":"VenomSnake","creator_uid":7323,"reviewer":4756,"commit_from":"web","created_at":"1601639030","length":16}
2025/03/24 20:41:46->{"id":8081,"uuid":"ba8451c0-dae3-4cc0-9f6b-d0e8b3a606db","hitokoto":"人生三大错觉，我能反杀，下一发能出金，她喜欢我。","type":"l","from":"现实","from_who":"林清凝","creator":"Soiltary、K","creator_uid":3915,"reviewer":1,"commit_from":"app","created_at":"1630990186","length":24}
2025/03/24 20:51:46->{"id":8239,"uuid":"b61c8177-327f-4e7d-b5ad-4cea6ae946d7","hitokoto":"有情人终成眷属，没钱人亲眼目睹。","type":"l","from":"互联网","from_who":"快手评论","creator":"•᷄ࡇ•᷅","creator_uid":11568,"reviewer":1,"commit_from":"app","created_at":"1650442453","length":16}
2025/03/24 21:01:46->{"id":8431,"uuid":"10afb3d1-450a-4f0f-9cdb-96b52775d774","hitokoto":"人是要整活的——没活了，可不就是死了么？","type":"l","from":"互联网","from_who":"佚名","creator":"Assault Blyat","creator_uid":9349,"reviewer":1,"commit_from":"web","created_at":"1648135471","length":20}
2025/03/24 21:21:48->{"id":8771,"uuid":"6b148481-deec-45cb-9d05-d0682604b7e9","hitokoto":"后来，错过也成了人间常态。","type":"j","from":"网易云音乐","from_who":"焦糖and瓜子","creator":"焦糖and瓜子","creator_uid":12043,"reviewer":1,"commit_from":"web","created_at":"1650085799","length":13}
2025/03/24 21:41:50->{"id":5109,"uuid":"0b9533fc-3850-43f6-bb03-423a5dbf2fa5","hitokoto":"荷尔蒙决定一见钟情，多巴胺决定天长地久。","type":"j","from":"网易云","from_who":"不自爱里迷失","creator":"小忧忧","creator_uid":4701,"reviewer":4756,"commit_from":"web","created_at":"1582646766","length":20}
2025/03/24 21:51:50->{"id":8083,"uuid":"9d4a12e4-8faa-45ad-9571-fff1d250b081","hitokoto":"每一个不曾起舞的日子，都是对生命的辜负。","type":"k","from":"尼采","from_who":"尼采","creator":"Mint","creator_uid":5006,"reviewer":1,"commit_from":"web","created_at":"1631404412","length":20}
2025/03/24 22:01:52->{"id":8679,"uuid":"10e08063-c093-4531-85a8-c244870fdf86","hitokoto":"努力吧！就算再寂寞！也要努力活下去！","type":"b","from":"鬼灭之刃","from_who":"炭治郎","creator":"Tanjiro","creator_uid":11048,"reviewer":1,"commit_from":"web","created_at":"1639797714","length":18}
2025/03/24 22:31:54->{"id":8016,"uuid":"116833d9-61ea-4634-a913-c51a3410cf85","hitokoto":"资本来到世间，从头到脚每个毛孔都滴着血和肮脏的东西。","type":"k","from":"资本论","from_who":"卡尔·海因里希·马克思","creator":"社会主义好","creator_uid":9813,"reviewer":1,"commit_from":"web","created_at":"1626874870","length":26}
2025/03/24 22:41:54->{"id":7422,"uuid":"c45a761c-8d23-4d25-8702-e8112f97ad5e","hitokoto":"雾里浓云处，寻前路。","type":"e","from":"原创","from_who":"Voyage.","creator":"Voyage.","creator_uid":8919,"reviewer":1044,"commit_from":"web","created_at":"1617703845","length":10}
2025/03/24 22:51:56->{"id":6384,"uuid":"6a833e0d-7dd7-4cb7-9184-47a7412ab934","hitokoto":"这世间太不公平了，我都已经完完全全失去你了，可你还拥有着我。","type":"e","from":"落陈","from_who":"落陈","creator":"落陈","creator_uid":6737,"reviewer":6,"commit_from":"web","created_at":"1595168492","length":30}
2025/03/24 23:01:56->{"id":7291,"uuid":"a053daa5-c98b-47fb-a80f-c3c632a2f001","hitokoto":"若能避开猛烈的欢喜，自然不会有悲痛来袭。","type":"d","from":"《人间失格》","from_who":"太宰治","creator":"楚歌儿","creator_uid":8920,"reviewer":9975,"commit_from":"web","created_at":"1617706046","length":20}
2025/03/24 23:11:56->{"id":5520,"uuid":"dc5fb92e-b9c2-41fe-b883-76b1dff82597","hitokoto":"二十四桥明月夜，玉人何处教吹箫？","type":"i","from":"寄扬州韩绰判官","from_who":"杜牧","creator":"a632079","creator_uid":1044,"reviewer":1044,"commit_from":"api","created_at":"1586266064","length":16}
2025/03/24 23:51:58->{"id":6960,"uuid":"f3fc621a-2cc6-476d-aa19-06b92b43cdc4","hitokoto":"寂寞的时候，就呼唤我的名字吧。","type":"a","from":"紫罗兰永恒花园外传","from_who":"艾米","creator":"莉娅碳的骑士","creator_uid":8310,"reviewer":1044,"commit_from":"web","created_at":"1611432968","length":15}
2025/03/25 00:01:59->{"id":8830,"uuid":"7bae0c37-e3bb-49ec-be4b-3d9dfbcdf6db","hitokoto":"我要打倒最可怕的邪恶，难免要撕去虚假正义的薄薄糖衣。","type":"h","from":"铠甲勇士","from_who":"路法","creator":"幻想一笑而过","creator_uid":11760,"reviewer":1,"commit_from":"web","created_at":"1649475280","length":26}
2025/03/25 00:22:00->{"id":7836,"uuid":"3e6f0c71-c9a8-4cfd-aabe-49132f89fc54","hitokoto":"飒爽英姿闯江湖，诗酒茶话莫孤独。","type":"j","from":"飒","from_who":"是二智呀","creator":"陈弋函","creator_uid":10950,"reviewer":4756,"commit_from":"web","created_at":"1648354499","length":16}
2025/03/25 00:32:00->{"id":9253,"uuid":"a1a70452-96c9-457f-b957-3589a4d89da9","hitokoto":"贾维斯，在我们学会走之前，要先学会跑！","type":"h","from":"钢铁侠","from_who":"托尼·斯塔克","creator":"空吧","creator_uid":14633,"reviewer":4756,"commit_from":"web","created_at":"1681557147","length":19}
2025/03/25 00:42:01->{"id":8786,"uuid":"fce9d7a5-8f06-4071-9b5e-cb993eaf92ea","hitokoto":"友情也好爱情也罢，如果累了，我们就回到第一天见面的时候吧","type":"f","from":"互联网","from_who":"佚名","creator":"•᷄ࡇ•᷅","creator_uid":11568,"reviewer":1,"commit_from":"app","created_at":"1650518221","length":28}
2025/03/25 10:17:52->{"id":8246,"uuid":"ad78b211-ec0a-4ed8-a266-03faf966bc6c","hitokoto":"不努力就只能听到别人的好消息。","type":"j","from":"网易云音乐热评","from_who":"佚名","creator":"collin","creator_uid":12365,"reviewer":1,"commit_from":"web","created_at":"1653642620","length":15}
2025/03/25 10:47:54->{"id":8385,"uuid":"e31b3aca-0c74-4708-9edf-12ad9739e663","hitokoto":"言者议事，行者立史。","type":"c","from":"英雄联盟","from_who":"德玛西亚皇子·嘉文四世","creator":"xcc","creator_uid":10404,"reviewer":1,"commit_from":"web","created_at":"1642645945","length":10}
2025/03/25 10:57:55->{"id":7987,"uuid":"0b6f4bbc-40db-49ec-847b-c6d8ead63d80","hitokoto":"每个人都有一段悲伤，想隐藏却欲盖弥彰。","type":"g","from":"白月光","from_who":"张信哲","creator":"•᷄ࡇ•᷅","creator_uid":11568,"reviewer":1,"commit_from":"app","created_at":"1651913138","length":19}
2025/03/25 11:07:56->{"id":5739,"uuid":"ab97432f-b7e0-4304-a10a-43706b038f25","hitokoto":"自古逢秋悲寂寥，我言秋日胜春朝。","type":"i","from":"秋词","from_who":"刘禹锡","creator":"a632079","creator_uid":1044,"reviewer":4756,"commit_from":"web","created_at":"1586333496","length":16}
2025/03/25 11:17:57->{"id":8922,"uuid":"b8b18cd7-8410-4f4b-81c1-b7bb98017604","hitokoto":"逸一时，误一世。","type":"l","from":"夏夜银梦","from_who":"田所浩二","creator":"mojanglty","creator_uid":13616,"reviewer":4756,"commit_from":"web","created_at":"1669765362","length":8}
2025/03/25 11:37:59->{"id":9252,"uuid":"9873f19b-a319-4697-a607-76deac41c16e","hitokoto":"幻术世界有什么不好，现实太残酷，只会让这空洞越来越大。","type":"b","from":"火影忍者","from_who":"带土","creator":"空吧","creator_uid":14633,"reviewer":4756,"commit_from":"web","created_at":"1681555146","length":27}
2025/03/25 11:58:01->{"id":6819,"uuid":"8926b203-5ff6-4c3d-b91b-7d92644418b9","hitokoto":"天际沉月影，风兮万花行。漫卷大荒乱，苍冥守空寻。","type":"e","from":"掠","from_who":"月雩","creator":"月雩","creator_uid":7917,"reviewer":1044,"commit_from":"web","created_at":"1606907459","length":24}
2025/03/25 12:08:02->{"id":6212,"uuid":"e4c6a54a-be51-4cdd-88ab-3df273dbaa87","hitokoto":"在不同的遭遇里我发现你的瞬间，有种不可言说的温柔直觉。","type":"j","from":"保留","from_who":"郭顶","creator":"陨星、若芜芫","creator_uid":6317,"reviewer":1044,"commit_from":"web","created_at":"1590718236","length":27}
2025/03/25 12:18:03->{"id":8466,"uuid":"3d5e156c-bf02-4a60-9de2-6854306eec45","hitokoto":"我没有梦想，但我可以守护别人的梦想！","type":"h","from":"假面骑士faiz","from_who":"乾巧","creator":"BISHOP","creator_uid":12843,"reviewer":1,"commit_from":"web","created_at":"1660545988","length":18}
2025/03/25 15:47:01->{"id":6403,"uuid":"8b009bba-40a2-4603-acbf-f6ac283f6524","hitokoto":"You complete me !","type":"h","from":"黑暗骑士","from_who":"joker","creator":"wick","creator_uid":6853,"reviewer":1,"commit_from":"web","created_at":"1596239713","length":17}
2025/03/25 15:57:02->{"id":7368,"uuid":"02843d42-4018-4e3c-811a-f86332508d04","hitokoto":"我喝过你喝的西北风，这算不算很穷。","type":"j","from":"网易云","from_who":"妤儿_moon","creator":"cookie1038","creator_uid":9607,"reviewer":9975,"commit_from":"web","created_at":"1625134833","length":17}
2025/03/25 16:27:05->{"id":8678,"uuid":"da528252-c030-4ce9-bab5-9863b14d0425","hitokoto":"幸福破灭之时，总是伴随着血腥味。","type":"b","from":"鬼灭之刃","from_who":"吾峠呼世晴","creator":"Tanjiro","creator_uid":11048,"reviewer":1,"commit_from":"web","created_at":"1639797685","length":16}
2025/03/25 16:47:06->{"id":5871,"uuid":"fa63b704-a3c2-4bdf-a746-1c4aad00f151","hitokoto":"昔我往矣，杨柳依依。","type":"i","from":"采薇","from_who":"佚名","creator":"a632079","creator_uid":1044,"reviewer":4756,"commit_from":"web","created_at":"1586398130","length":10}
2025/03/25 16:54:59->{"id":9018,"uuid":"6a18a70b-6cb5-494b-9e88-86b095ef6452","hitokoto":"你怕不怕，这辈子就是上辈子所说的下辈子？","type":"l","from":"抖音","from_who":"未知","creator":"璃黯","creator_uid":13640,"reviewer":4756,"commit_from":"web","created_at":"1669946149","length":20}
2025/03/25 16:57:59->{"id":6666,"uuid":"219d44c8-4abb-4338-907d-c6ff3c65683a","hitokoto":"战斗是残酷的，无法做出多余的考虑！","type":"a","from":"机动战士高达","from_who":"夏亚阿兹布纳尔","creator":"smallxu","creator_uid":2639,"reviewer":1044,"commit_from":"web","created_at":"1604587737","length":17}
2025/03/25 17:18:00->{"id":8922,"uuid":"b8b18cd7-8410-4f4b-81c1-b7bb98017604","hitokoto":"逸一时，误一世。","type":"l","from":"夏夜银梦","from_who":"田所浩二","creator":"mojanglty","creator_uid":13616,"reviewer":4756,"commit_from":"web","created_at":"1669765362","length":8}
2025/03/25 17:28:00->{"id":7162,"uuid":"cd6d4e18-c220-4fe6-b800-f381445851b7","hitokoto":"冬天之所以那么冷是为了告诉大家身边人的温暖有多重要。","type":"h","from":"熔炉","from_who":"孔枝泳","creator":"回望云迷麓","creator_uid":8629,"reviewer":1,"commit_from":"web","created_at":"1614524862","length":26}
2025/03/25 17:58:02->{"id":5108,"uuid":"a9f006a9-8af6-4f2b-a4d7-03f50c70ffd6","hitokoto":"多巴胺不等于爱情，爱情却一定有多巴胺！","type":"j","from":"网易热评","from_who":"不在爱里迷失","creator":"小忧忧","creator_uid":4701,"reviewer":4756,"commit_from":"web","created_at":"1582646685","length":19}
2025/03/25 18:08:02->{"id":8248,"uuid":"4d919677-189f-4328-832f-66028c54f54e","hitokoto":"要优秀啊，不然怎么遇见优秀的人！","type":"j","from":"网易云音乐热评","from_who":"佚名","creator":"collin","creator_uid":12365,"reviewer":1,"commit_from":"web","created_at":"1653642541","length":16}
2025/03/25 18:38:03->{"id":5020,"uuid":"8ecd9ac2-8685-4991-a6a6-3c75cbc0e118","hitokoto":"奇怪的是，当他死去，所有人才开始爱他。","type":"k","from":"哲学","from_who":"崔雪莉","creator":"QIQI","creator_uid":494,"reviewer":1044,"commit_from":"web","created_at":"1580309580","length":19}
2025/03/25 18:48:04->{"id":8027,"uuid":"261b1e6c-4a9f-4e9c-b1f9-4425bd45b087","hitokoto":"精准与否就是屠宰和手术的区别。","type":"c","from":"英雄联盟","from_who":"青钢影","creator":"风尘散人","creator_uid":12772,"reviewer":1,"commit_from":"web","created_at":"1659613179","length":15}
2025/03/25 18:58:04->{"id":7226,"uuid":"64559b13-fe87-44fd-a745-d48fb6c6895a","hitokoto":"人类侥幸拥有了智慧，就应该善用它。","type":"k","from":"意林","from_who":"王小波","creator":"Damianyang","creator_uid":9192,"reviewer":4756,"commit_from":"web","created_at":"1620182739","length":17}
2025/03/25 21:48:30->{"id":5691,"uuid":"9759b119-6caa-4666-9020-7e0ae6495d07","hitokoto":"以色事他人，能得几时好。","type":"i","from":"妾薄命","from_who":"李白","creator":"a632079","creator_uid":1044,"reviewer":1044,"commit_from":"api","created_at":"1586271531","length":12}
2025/03/25 21:58:30->{"id":4910,"uuid":"145d3487-f367-4bf8-80b1-24d07e622a13","hitokoto":"一个人可以被毁灭，但不能被打败。","type":"d","from":"老人与海","from_who":"海明威","creator":"夕之树","creator_uid":4248,"reviewer":1,"commit_from":"web","created_at":"1573333725","length":16}
2025/03/25 22:08:31->{"id":4897,"uuid":"b968d447-4f1d-48e5-99f2-ae0c12c51b88","hitokoto":"最是人间留不住，朱颜辞镜花辞树。","type":"h","from":"蝶恋花·阅尽天涯离别苦","from_who":"王国维","creator":"鳯凰栖梧","creator_uid":4071,"reviewer":1,"commit_from":"web","created_at":"1571142742","length":16}
2025/03/25 22:58:35->{"id":8842,"uuid":"30b17b83-1261-4d7b-bdbf-44948d2d466f","hitokoto":"萧萧玉笛兮孩儿啼，绵绵征军兮终不返。","type":"e","from":"泷","from_who":"清巳星嵐","creator":"kiyomiseran","creator_uid":11730,"reviewer":1,"commit_from":"web","created_at":"1661778393","length":18}
2025/03/25 23:18:38->{"id":6297,"uuid":"d6e55120-3aea-439c-965d-70d957a26925","hitokoto":"爸爸我也不是一生下来就是爸爸，爸爸也是头一次当爸爸。","type":"h","from":"请回答1988","from_who":"德善父亲","creator":"xuj","creator_uid":6496,"reviewer":1044,"commit_from":"web","created_at":"1592529632","length":26}
2025/03/26 10:53:17->{"id":8041,"uuid":"66f56dd0-f367-426f-95b9-908a2be37429","hitokoto":"戏会落幕，人生却不会。","type":"c","from":"原神","from_who":"云堇","creator":"神在白天做梦","creator_uid":12651,"reviewer":1,"commit_from":"web","created_at":"1658136776","length":11}
2025/03/26 11:03:18->{"id":7996,"uuid":"665955b4-315b-4bc5-ac95-03e6a055107e","hitokoto":"妄想进入虚空，却被虚空吞噬。","type":"e","from":"DreamStars","from_who":"DreamStars","creator":"DreamStars","creator_uid":12193,"reviewer":1,"commit_from":"web","created_at":"1651144025","length":14}
2025/03/26 11:51:12->{"id":7408,"uuid":"71f0481f-f6eb-41e5-975c-d0c82fb3ec1e","hitokoto":"闻道者，朝生夕死，足尔；寻道者，忘生之死，憾尔。","type":"f","from":"仙逆","from_who":"耳根","creator":"余空","creator_uid":9621,"reviewer":1,"commit_from":"web","created_at":"1625303817","length":24}
2025/03/26 12:09:49->{"id":8458,"uuid":"2c99f6bd-039e-467a-8a88-272db431aa31","hitokoto":"繁花血景在那一赛季达到巅峰，却也止于巅峰。","type":"d","from":"全职高手","from_who":"蝴蝶蓝","creator":"凤雏","creator_uid":7748,"reviewer":1,"commit_from":"web","created_at":"1650466310","length":21}
2025/03/26 12:18:57->{"id":7436,"uuid":"fffee04f-0b0f-4738-8e4e-b01cc5293db3","hitokoto":"当你真正想做成一件事情的时候，就连天地万物都会帮你。","type":"h","from":"网剧棋魂","from_who":"褚嬴","creator":"方栩栩","creator_uid":7486,"reviewer":1044,"commit_from":"web","created_at":"1619248686","length":26}
2025/03/26 12:19:56->{"id":7471,"uuid":"eaf6107f-55ce-4909-a6d2-baeaf003193d","hitokoto":"我想要如清泉般的爱。","type":"d","from":"飞鸟集","from_who":"泰戈尔","creator":"朱佳熠","creator_uid":9963,"reviewer":4756,"commit_from":"web","created_at":"1627917611","length":10}
2025/03/26 12:21:07->{"id":6466,"uuid":"3a7e1f68-aa0b-44c8-ac1e-047075ed4a70","hitokoto":"不要说我们一无所有，我们要做天下的主人！","type":"i","from":"国际歌","from_who":"欧仁·鲍狄埃","creator":"Serastan","creator_uid":7394,"reviewer":4756,"commit_from":"web","created_at":"1602079367","length":20}
2025/03/26 12:31:57->{"id":6074,"uuid":"cd6879b1-3338-40c0-a583-61eb9eff9ff6","hitokoto":"勇气就是明知会受伤，却还要这样做，愚蠢也是如此。","type":"e","from":"原创","from_who":"凡ICE","creator":"希铁石","creator_uid":5496,"reviewer":1044,"commit_from":"web","created_at":"1588063934","length":24}
2025/03/26 17:37:33->{"id":8771,"uuid":"6b148481-deec-45cb-9d05-d0682604b7e9","hitokoto":"后来，错过也成了人间常态。","type":"j","from":"网易云音乐","from_who":"焦糖and瓜子","creator":"焦糖and瓜子","creator_uid":12043,"reviewer":1,"commit_from":"web","created_at":"1650085799","length":13}
2025/03/26 17:57:34->{"id":5967,"uuid":"bad64921-c8b6-433f-b058-8120906eeef2","hitokoto":"世界之大为何我们相遇，难道是缘分，难道是天意。","type":"j","from":"我的歌声里","from_who":"曲婉婷","creator":"陈树凤","creator_uid":5678,"reviewer":4756,"commit_from":"web","created_at":"1587181370","length":23}
2025/03/26 18:07:35->{"id":8956,"uuid":"345e8569-d02d-4fd2-812b-d4b8a9cd14d8","hitokoto":"你们中的人，我已经忘记了一半以上。","type":"a","from":"末日时在做什么？有没有空？可以来拯救吗？","from_who":"珂朵莉·诺塔·瑟里欧尼斯","creator":"misaka20002","creator_uid":13343,"reviewer":1044,"commit_from":"web","created_at":"1666933637","length":17}
2025/03/26 18:33:44->{"id":8911,"uuid":"ce1d2143-84c8-4738-a733-8b3e7c4d61a1","hitokoto":"于我而言，不变也是一种美好，哎呀，可尘世哪是如此不变之物。","type":"c","from":"原神","from_who":"八重神子","creator":"左岸2333","creator_uid":1136,"reviewer":4756,"commit_from":"web","created_at":"1669266654","length":29}
2025/03/26 19:03:52->{"id":1059,"uuid":"1c7e8945-9892-4610-89af-38ba21bc1430","hitokoto":"自以为是永远都是大敌，因为本可看到的东西也会视而不见。","type":"d","from":"嫌疑人x的献身","from_who":"汤川","creator":"953808400","creator_uid":0,"reviewer":0,"commit_from":"web","created_at":"1481086547","length":27}
2025/03/26 19:23:55->{"id":8609,"uuid":"24659d20-0582-4f35-9078-b42b5ca9b63d","hitokoto":"大本钟下送快递——上面摆，下面寄。","type":"l","from":"饭堂周末夜","from_who":"记得","creator":"luckygaogao","creator_uid":11358,"reviewer":1,"commit_from":"web","created_at":"1643334990","length":17}
2025/03/26 19:33:55->{"id":7324,"uuid":"483c691a-d898-428c-8ebc-51efe05f9e7a","hitokoto":"那些听不见音乐的人认为那些跳舞的人疯了。","type":"k","from":"笑：论滑稽的意义","from_who":"亨利·柏格森","creator":"折影轻梦","creator_uid":9975,"reviewer":9975,"commit_from":"web","created_at":"1628510764","length":20}
2025/03/26 19:43:56->{"id":9016,"uuid":"b50ae69e-d2e3-4cd5-9298-65985e03ce09","hitokoto":"最短的捷径就是绕远路。","type":"b","from":"STEEL BALL RUN","from_who":"杰洛·齐贝林","creator":"柳宇","creator_uid":13682,"reviewer":4756,"commit_from":"web","created_at":"1670306333","length":11}
2025/03/26 20:03:57->{"id":8609,"uuid":"24659d20-0582-4f35-9078-b42b5ca9b63d","hitokoto":"大本钟下送快递——上面摆，下面寄。","type":"l","from":"饭堂周末夜","from_who":"记得","creator":"luckygaogao","creator_uid":11358,"reviewer":1,"commit_from":"web","created_at":"1643334990","length":17}
2025/03/26 20:13:58->{"id":6011,"uuid":"3fe36a51-886e-40c2-8c42-9cdfe6d50748","hitokoto":"如果人生结束，连遗言都没有，会不会太可惜。","type":"e","from":"原创","from_who":"陈树凤","creator":"陈树凤","creator_uid":5678,"reviewer":1,"commit_from":"web","created_at":"1586610194","length":21}
2025/03/26 20:33:59->{"id":8922,"uuid":"b8b18cd7-8410-4f4b-81c1-b7bb98017604","hitokoto":"逸一时，误一世。","type":"l","from":"夏夜银梦","from_who":"田所浩二","creator":"mojanglty","creator_uid":13616,"reviewer":4756,"commit_from":"web","created_at":"1669765362","length":8}
2025/03/26 20:43:59->{"id":8922,"uuid":"b8b18cd7-8410-4f4b-81c1-b7bb98017604","hitokoto":"逸一时，误一世。","type":"l","from":"夏夜银梦","from_who":"田所浩二","creator":"mojanglty","creator_uid":13616,"reviewer":4756,"commit_from":"web","created_at":"1669765362","length":8}
2025/03/26 20:53:59->{"id":7274,"uuid":"4d4e35ab-c360-402d-90e6-77e519a90a6d","hitokoto":"命运负责洗牌和发牌，而我们只能出牌。","type":"k","from":"人生的智慧","from_who":"叔本华","creator":"折影轻梦","creator_uid":9975,"reviewer":9975,"commit_from":"web","created_at":"1628306502","length":18}
2025/03/26 21:24:00->{"id":8252,"uuid":"c4fc3871-257b-4f1a-87d1-fc89f3e2ee5a","hitokoto":"自立自主，总胜过俯首为奴。","type":"c","from":"英雄联盟","from_who":"青钢影","creator":"风尘散人","creator_uid":12772,"reviewer":1,"commit_from":"web","created_at":"1659612879","length":13}
2025/03/26 21:34:01->{"id":8622,"uuid":"fbb770c4-52d9-4c3f-af48-2283dcb61635","hitokoto":"永远不要熄灭心中的火，哪怕别人只看见烟。","type":"j","from":"网易云","from_who":"佚名","creator":"Anoxia","creator_uid":10724,"reviewer":1,"commit_from":"web","created_at":"1636094973","length":20}
2025/03/26 21:44:02->{"id":8081,"uuid":"ba8451c0-dae3-4cc0-9f6b-d0e8b3a606db","hitokoto":"人生三大错觉，我能反杀，下一发能出金，她喜欢我。","type":"l","from":"现实","from_who":"林清凝","creator":"Soiltary、K","creator_uid":3915,"reviewer":1,"commit_from":"app","created_at":"1630990186","length":24}
2025/03/26 22:14:02->{"id":7683,"uuid":"58a9dc0e-1fe6-46d0-9063-1e39242d2b3a","hitokoto":"隔岸无旧情，姑苏有钟声。","type":"h","from":"地尽头","from_who":"林夕","creator":"chuchu-z","creator_uid":9201,"reviewer":1044,"commit_from":"web","created_at":"1620288404","length":12}
2025/03/26 22:24:07->{"id":7533,"uuid":"168d5ce2-d9f8-434e-8c4e-00214a52a7b2","hitokoto":"我想如果真心想对一个人好的话，是无法把控住这个度的吧。","type":"e","from":"原创","from_who":"焉知","creator":"礼乐","creator_uid":2215,"reviewer":4756,"commit_from":"web","created_at":"1633180107","length":27}
2025/03/26 22:34:08->{"id":8901,"uuid":"c6ec267d-bec3-4b45-87ac-289918b38a29","hitokoto":"あなたは敵だけど悪くない。","type":"b","from":"火影忍者","from_who":"水门","creator":"fish OI","creator_uid":13223,"reviewer":1,"commit_from":"web","created_at":"1665746259","length":13}
2025/03/26 22:54:10->{"id":8442,"uuid":"251a31f2-f9cd-47a3-b272-f1b2c4bbe825","hitokoto":"原谅我所言非言，谁教你墨宝非宝。","type":"g","from":"很想很想你","from_who":"姜广涛","creator":"D5xun","creator_uid":12014,"reviewer":1,"commit_from":"web","created_at":"1649906632","length":16}
2025/03/26 23:04:11->{"id":8348,"uuid":"969506ed-37d7-4231-9f8c-055b88a7a3d4","hitokoto":"行远自迩，登高自卑。","type":"k","from":"礼记","from_who":"戴圣","creator":"院长","creator_uid":10721,"reviewer":1,"commit_from":"web","created_at":"1636084047","length":10}
2025/03/26 23:14:13->{"id":8561,"uuid":"f24be392-f21b-4ed7-90a9-af7e800f55b2","hitokoto":"这个世界的麻烦就是傻瓜非常自信 ，而智者总是充满疑虑。","type":"g","from":"罗素","from_who":"罗素","creator":"Clouder","creator_uid":10584,"reviewer":1,"commit_from":"web","created_at":"1634137535","length":27}
2025/03/27 12:57:25->{"id":8238,"uuid":"10c13017-f52c-441e-b505-26bf0165bd6f","hitokoto":"趁着年轻，好好犯病。","type":"l","from":"he","from_who":"he","creator":"heiheihei","creator_uid":12105,"reviewer":1,"commit_from":"web","created_at":"1650449640","length":10}
2025/03/27 13:05:35->{"id":8243,"uuid":"35e7c861-cbec-4c58-afbc-ff04f7c95e39","hitokoto":"前度刘郎归去后，溪上碧桃多少。","type":"i","from":"南浦·春水","from_who":"张炎","creator":"zhuizi","creator_uid":12108,"reviewer":1,"commit_from":"web","created_at":"1650466512","length":15}
2025/03/27 13:14:17->{"id":5675,"uuid":"10e3a121-39d2-4516-b241-e1c1a0173139","hitokoto":"人生亦有命，安能行叹复坐愁？","type":"i","from":"拟行路难·其四","from_who":"鲍照","creator":"a632079","creator_uid":1044,"reviewer":1044,"commit_from":"api","created_at":"1586271524","length":14}
2025/03/27 13:24:19->{"id":8431,"uuid":"10afb3d1-450a-4f0f-9cdb-96b52775d774","hitokoto":"人是要整活的——没活了，可不就是死了么？","type":"l","from":"互联网","from_who":"佚名","creator":"Assault Blyat","creator_uid":9349,"reviewer":1,"commit_from":"web","created_at":"1648135471","length":20}
2025/03/27 13:34:20->{"id":8806,"uuid":"6c16ad82-57c5-40e1-8496-ae23836fe473","hitokoto":"美在盛世烟火，人间喧嚣，他们终成遗憾。","type":"f","from":"互联网","from_who":"佚名","creator":"D5xun","creator_uid":12014,"reviewer":1,"commit_from":"web","created_at":"1649918389","length":19}
2025/03/27 13:44:21->{"id":8239,"uuid":"b61c8177-327f-4e7d-b5ad-4cea6ae946d7","hitokoto":"有情人终成眷属，没钱人亲眼目睹。","type":"l","from":"互联网","from_who":"快手评论","creator":"•᷄ࡇ•᷅","creator_uid":11568,"reviewer":1,"commit_from":"app","created_at":"1650442453","length":16}
2025/03/27 13:52:00->{"id":5355,"uuid":"ec21ccfe-4e48-4b1a-95c4-9b5ae0c5200d","hitokoto":"当人们做不到一些事情的时候，他们会对你说你也同样不能。","type":"h","from":"当幸福来敲门","from_who":"克里斯·加德纳","creator":"橘子_ORANGE","creator_uid":5229,"reviewer":4756,"commit_from":"web","created_at":"1585296454","length":27}
2025/03/27 14:02:02->{"id":8238,"uuid":"10c13017-f52c-441e-b505-26bf0165bd6f","hitokoto":"趁着年轻，好好犯病。","type":"l","from":"he","from_who":"he","creator":"heiheihei","creator_uid":12105,"reviewer":1,"commit_from":"web","created_at":"1650449640","length":10}
2025/03/27 14:12:02->{"id":891,"uuid":"a1fd9e40-a1ee-48f1-9f1e-5979a9c74d7e","hitokoto":"成熟不是心变老，是泪在打转还能微笑。","type":"g","from":"天边","from_who":"张韶涵","creator":"hitokoto","creator_uid":1775,"reviewer":0,"commit_from":"web","created_at":"1478787580","length":18}
2025/03/27 14:22:04->{"id":9260,"uuid":"13b4dae9-85ca-4098-bc65-eef57dacfb22","hitokoto":"须知政权是由枪杆子中取得的。","type":"k","from":"八七会议报告","from_who":"毛泽东","creator":"UNe-Jh","creator_uid":14640,"reviewer":4756,"commit_from":"web","created_at":"1681620874","length":14}
2025/03/27 14:42:06->{"id":7276,"uuid":"a3aad3af-9ae9-46af-9296-ceedca152d34","hitokoto":"忘掉一个人的劣根性就像把千辛万苦赚来的钱扔掉一样。","type":"k","from":"人生的智慧","from_who":"叔本华","creator":"折影轻梦","creator_uid":9975,"reviewer":9975,"commit_from":"web","created_at":"1628306472","length":25}
2025/03/27 14:52:07->{"id":7122,"uuid":"3d7f06ba-b5c9-4ea5-ab16-80da77d140c7","hitokoto":"比起想念来，千年又何其长。比起相见来，千年又何其短。","type":"h","from":"网剧棋魂","from_who":"褚嬴","creator":"方栩栩","creator_uid":7486,"reviewer":4756,"commit_from":"web","created_at":"1619248161","length":26}
2025/03/27 14:53:40->{"status":"success","data":{"content":"Let those who seek death find it.","anime":{"id":200,"name":"Vinland Saga","altName":null},"character":{"id":302,"name":"Father Willibald"}}}
2025/03/27 14:58:56->{"status":"success","data":{"content":"If you're ever lost in the darkness, follow the compass in your heart.","anime":{"id":447,"name":"Black Bullet","altName":"Black Bullet"},"character":{"id":667,"name":"Kayo Senju"}}}
2025/03/27 15:19:00->{"status":"success","data":{"content":"That's not love... A heroine's love is supposed to be sincere! If you can immediately move on and find someone new, it isn't love!","anime":{"id":410,"name":"The World God Only Knows","altName":"Kami nomi zo Shiru Sekai"},"character":{"id":590,"name":"Keima Katsuragi"}}}
